This file contains any messages produced by compilers while
running configure, to aid debugging if configure makes a mistake.

It was created by SISSIz configure 3.0, which was
generated by GNU Autoconf 2.69.  Invocation command line was

  $ ./configure 

## --------- ##
## Platform. ##
## --------- ##

hostname = smithlab-XPS-15-7590
uname -m = x86_64
uname -r = 5.15.0-119-generic
uname -s = Linux
uname -v = #129~20.04.1-Ubuntu SMP Wed Aug 7 13:07:13 UTC 2024

/usr/bin/uname -p = x86_64
/bin/uname -X     = unknown

/bin/arch              = x86_64
/usr/bin/arch -k       = unknown
/usr/convex/getsysinfo = unknown
/usr/bin/hostinfo      = unknown
/bin/machine           = unknown
/usr/bin/oslevel       = unknown
/bin/universe          = unknown

PATH: /home/vandalovejoy/.pyenv/shims
PATH: /home/vandalovejoy/.pyenv/plugins/pyenv-virtualenv/shims
PATH: /home/vandalovejoy/.pyenv/bin
PATH: /home/vandalovejoy/.sdkman/candidates/java/current/bin
PATH: /home/vandalovejoy/perl5/bin
PATH: /home/vandalovejoy/anaconda3/envs/sissiz/bin
PATH: /home/vandalovejoy/anaconda3/condabin
PATH: /home/vandalovejoy/rscape_v2.0.4.a/bin
PATH: ~/Downloads/circos-0.69-9/bin
PATH: ~/Downloads/PureCLIP/build
PATH: /home/vandalovejoy/Downloads/TRF-4.09.1/build/src
PATH: /home/vandalovejoy/Downloads/rmblast-2.14.0/bin
PATH: /home/vandalovejoy/Downloads/bedtools2/bin
PATH: /home/vandalovejoy/rscape_v2.0.4.a/bin/R-scape
PATH: /home/vandalovejoy/.local/bin
PATH: /home/vandalovejoy/bin
PATH: /usr/local/sbin
PATH: /usr/local/bin
PATH: /usr/sbin
PATH: /usr/bin
PATH: /sbin
PATH: /bin
PATH: /usr/games
PATH: /usr/local/games
PATH: /snap/bin
PATH: /home/vandalovejoy/Downloads/nw


## ----------- ##
## Core tests. ##
## ----------- ##

configure:2316: checking for a BSD-compatible install
configure:2384: result: /usr/bin/install -c
configure:2395: checking whether build environment is sane
configure:2450: result: yes
configure:2599: checking for a thread-safe mkdir -p
configure:2638: result: /usr/bin/mkdir -p
configure:2645: checking for gawk
configure:2675: result: no
configure:2645: checking for mawk
configure:2661: found /usr/bin/mawk
configure:2672: result: mawk
configure:2683: checking whether make sets $(MAKE)
configure:2705: result: yes
configure:2734: checking whether make supports nested variables
configure:2751: result: yes
configure:2881: checking whether make supports the include directive
configure:2896: make -f confmf.GNU && cat confinc.out
this is the am__doit target
configure:2899: $? = 0
configure:2918: result: yes (GNU style)
configure:2988: checking for gcc
configure:3004: found /usr/bin/gcc
configure:3015: result: gcc
configure:3244: checking for C compiler version
configure:3253: gcc --version >&5
gcc (Ubuntu 9.4.0-1ubuntu1~20.04.2) 9.4.0
Copyright (C) 2019 Free Software Foundation, Inc.
This is free software; see the source for copying conditions.  There is NO
warranty; not even for MERCHANTABILITY or FITNESS FOR A PARTICULAR PURPOSE.

configure:3264: $? = 0
configure:3253: gcc -v >&5
Using built-in specs.
COLLECT_GCC=gcc
COLLECT_LTO_WRAPPER=/usr/lib/gcc/x86_64-linux-gnu/9/lto-wrapper
OFFLOAD_TARGET_NAMES=nvptx-none:hsa
OFFLOAD_TARGET_DEFAULT=1
Target: x86_64-linux-gnu
Configured with: ../src/configure -v --with-pkgversion='Ubuntu 9.4.0-1ubuntu1~20.04.2' --with-bugurl=file:///usr/share/doc/gcc-9/README.Bugs --enable-languages=c,ada,c++,go,brig,d,fortran,objc,obj-c++,gm2 --prefix=/usr --with-gcc-major-version-only --program-suffix=-9 --program-prefix=x86_64-linux-gnu- --enable-shared --enable-linker-build-id --libexecdir=/usr/lib --without-included-gettext --enable-threads=posix --libdir=/usr/lib --enable-nls --enable-clocale=gnu --enable-libstdcxx-debug --enable-libstdcxx-time=yes --with-default-libstdcxx-abi=new --enable-gnu-unique-object --disable-vtable-verify --enable-plugin --enable-default-pie --with-system-zlib --with-target-system-zlib=auto --enable-objc-gc=auto --enable-multiarch --disable-werror --with-arch-32=i686 --with-abi=m64 --with-multilib-list=m32,m64,mx32 --enable-multilib --with-tune=generic --enable-offload-targets=nvptx-none=/build/gcc-9-9QDOt0/gcc-9-9.4.0/debian/tmp-nvptx/usr,hsa --without-cuda-driver --enable-checking=release --build=x86_64-linux-gnu --host=x86_64-linux-gnu --target=x86_64-linux-gnu
Thread model: posix
gcc version 9.4.0 (Ubuntu 9.4.0-1ubuntu1~20.04.2) 
configure:3264: $? = 0
configure:3253: gcc -V >&5
gcc: error: unrecognized command line option '-V'
gcc: fatal error: no input files
compilation terminated.
configure:3264: $? = 1
configure:3253: gcc -qversion >&5
gcc: error: unrecognized command line option '-qversion'; did you mean '--version'?
gcc: fatal error: no input files
compilation terminated.
configure:3264: $? = 1
configure:3284: checking whether the C compiler works
configure:3306: gcc   -Wl,-O2 -Wl,--sort-common -Wl,--as-needed -Wl,-z,relro -Wl,-z,now -Wl,--disable-new-dtags -Wl,--gc-sections -Wl,-rpath,/home/vandalovejoy/anaconda3/lib -Wl,-rpath-link,/home/vandalovejoy/anaconda3/lib -L/home/vandalovejoy/anaconda3/lib conftest.c  >&5
configure:3310: $? = 0
configure:3358: result: yes
configure:3361: checking for C compiler default output file name
configure:3363: result: a.out
configure:3369: checking for suffix of executables
configure:3376: gcc -o conftest   -Wl,-O2 -Wl,--sort-common -Wl,--as-needed -Wl,-z,relro -Wl,-z,now -Wl,--disable-new-dtags -Wl,--gc-sections -Wl,-rpath,/home/vandalovejoy/anaconda3/lib -Wl,-rpath-link,/home/vandalovejoy/anaconda3/lib -L/home/vandalovejoy/anaconda3/lib conftest.c  >&5
configure:3380: $? = 0
configure:3402: result: 
configure:3424: checking whether we are cross compiling
configure:3432: gcc -o conftest   -Wl,-O2 -Wl,--sort-common -Wl,--as-needed -Wl,-z,relro -Wl,-z,now -Wl,--disable-new-dtags -Wl,--gc-sections -Wl,-rpath,/home/vandalovejoy/anaconda3/lib -Wl,-rpath-link,/home/vandalovejoy/anaconda3/lib -L/home/vandalovejoy/anaconda3/lib conftest.c  >&5
configure:3436: $? = 0
configure:3443: ./conftest
configure:3447: $? = 0
configure:3435: result: no
configure:3440: checking for suffix of object files
configure:3462: gcc -c   conftest.c >&5
configure:3466: $? = 0
configure:3487: result: o
configure:3491: checking whether we are using the GNU C compiler
configure:3510: gcc -c   conftest.c >&5
configure:3510: $? = 0
configure:3519: result: yes
configure:3528: checking whether gcc accepts -g
configure:3548: gcc -c -g  conftest.c >&5
configure:3548: $? = 0
configure:3589: result: yes
configure:3606: checking for gcc option to accept ISO C89
configure:3669: gcc  -c -g -O2  conftest.c >&5
configure:3669: $? = 0
configure:3682: result: none needed
configure:3707: checking whether gcc understands -c and -o together
configure:3729: gcc -c conftest.c -o conftest2.o
configure:3732: $? = 0
configure:3729: gcc -c conftest.c -o conftest2.o
configure:3732: $? = 0
configure:3744: result: yes
configure:3763: checking dependency style of gcc
configure:3874: result: gcc3
configure:3939: checking for ar
configure:3955: found /usr/bin/ar
configure:3966: result: ar
configure:3992: checking the archiver (ar) interface
configure:4008: gcc -c -g -O2  conftest.c >&5
configure:4008: $? = 0
configure:4010: ar cru libconftest.a conftest.o >&5
ar: `u' modifier ignored since `D' is the default (see `U')
configure:4013: $? = 0
configure:4012: result: ar
configure:4080: checking for gcc
configure:4107: result: gcc
configure:4336: checking for C compiler version
configure:4345: gcc --version >&5
gcc (Ubuntu 9.4.0-1ubuntu1~20.04.2) 9.4.0
Copyright (C) 2019 Free Software Foundation, Inc.
This is free software; see the source for copying conditions.  There is NO
warranty; not even for MERCHANTABILITY or FITNESS FOR A PARTICULAR PURPOSE.

configure:4356: $? = 0
configure:4345: gcc -v >&5
Using built-in specs.
COLLECT_GCC=gcc
COLLECT_LTO_WRAPPER=/usr/lib/gcc/x86_64-linux-gnu/9/lto-wrapper
OFFLOAD_TARGET_NAMES=nvptx-none:hsa
OFFLOAD_TARGET_DEFAULT=1
Target: x86_64-linux-gnu
Configured with: ../src/configure -v --with-pkgversion='Ubuntu 9.4.0-1ubuntu1~20.04.2' --with-bugurl=file:///usr/share/doc/gcc-9/README.Bugs --enable-languages=c,ada,c++,go,brig,d,fortran,objc,obj-c++,gm2 --prefix=/usr --with-gcc-major-version-only --program-suffix=-9 --program-prefix=x86_64-linux-gnu- --enable-shared --enable-linker-build-id --libexecdir=/usr/lib --without-included-gettext --enable-threads=posix --libdir=/usr/lib --enable-nls --enable-clocale=gnu --enable-libstdcxx-debug --enable-libstdcxx-time=yes --with-default-libstdcxx-abi=new --enable-gnu-unique-object --disable-vtable-verify --enable-plugin --enable-default-pie --with-system-zlib --with-target-system-zlib=auto --enable-objc-gc=auto --enable-multiarch --disable-werror --with-arch-32=i686 --with-abi=m64 --with-multilib-list=m32,m64,mx32 --enable-multilib --with-tune=generic --enable-offload-targets=nvptx-none=/build/gcc-9-9QDOt0/gcc-9-9.4.0/debian/tmp-nvptx/usr,hsa --without-cuda-driver --enable-checking=release --build=x86_64-linux-gnu --host=x86_64-linux-gnu --target=x86_64-linux-gnu
Thread model: posix
gcc version 9.4.0 (Ubuntu 9.4.0-1ubuntu1~20.04.2) 
configure:4356: $? = 0
configure:4345: gcc -V >&5
gcc: error: unrecognized command line option '-V'
gcc: fatal error: no input files
compilation terminated.
configure:4356: $? = 1
configure:4345: gcc -qversion >&5
gcc: error: unrecognized command line option '-qversion'; did you mean '--version'?
gcc: fatal error: no input files
compilation terminated.
configure:4356: $? = 1
configure:4360: checking whether we are using the GNU C compiler
configure:4388: result: yes
configure:4397: checking whether gcc accepts -g
configure:4458: result: yes
configure:4475: checking for gcc option to accept ISO C89
configure:4551: result: none needed
configure:4576: checking whether gcc understands -c and -o together
configure:4613: result: yes
configure:4632: checking dependency style of gcc
configure:4743: result: gcc3
configure:4774: checking build system type
configure:4788: result: x86_64-pc-linux-gnu
configure:4808: checking host system type
configure:4821: result: x86_64-pc-linux-gnu
configure:4865: linux-gnu
configure:4871: OPENMP enabled
configure:4885: checking how to run the C preprocessor
configure:4916: gcc -E  conftest.c
configure:4916: $? = 0
configure:4930: gcc -E  conftest.c
conftest.c:12:10: fatal error: ac_nonexistent.h: No such file or directory
   12 | #include <ac_nonexistent.h>
      |          ^~~~~~~~~~~~~~~~~~
compilation terminated.
configure:4930: $? = 1
configure: failed program was:
| /* confdefs.h */
| #define PACKAGE_NAME "SISSIz"
| #define PACKAGE_TARNAME "SISSIz"
| #define PACKAGE_VERSION "3.0"
| #define PACKAGE_STRING "SISSIz 3.0"
| #define PACKAGE_BUGREPORT "sissiz.vbc5@univie.ac.at"
| #define PACKAGE_URL ""
| #define PACKAGE "SISSIz"
| #define VERSION "3.0"
| #define UNUSED __attribute__ ((unused))
| /* end confdefs.h.  */
| #include <ac_nonexistent.h>
configure:4955: result: gcc -E
configure:4975: gcc -E  conftest.c
configure:4975: $? = 0
configure:4989: gcc -E  conftest.c
conftest.c:12:10: fatal error: ac_nonexistent.h: No such file or directory
   12 | #include <ac_nonexistent.h>
      |          ^~~~~~~~~~~~~~~~~~
compilation terminated.
configure:4989: $? = 1
configure: failed program was:
| /* confdefs.h */
| #define PACKAGE_NAME "SISSIz"
| #define PACKAGE_TARNAME "SISSIz"
| #define PACKAGE_VERSION "3.0"
| #define PACKAGE_STRING "SISSIz 3.0"
| #define PACKAGE_BUGREPORT "sissiz.vbc5@univie.ac.at"
| #define PACKAGE_URL ""
| #define PACKAGE "SISSIz"
| #define VERSION "3.0"
| #define UNUSED __attribute__ ((unused))
| /* end confdefs.h.  */
| #include <ac_nonexistent.h>
configure:5018: checking for grep that handles long lines and -e
configure:5076: result: /usr/bin/grep
configure:5081: checking for egrep
configure:5143: result: /usr/bin/grep -E
configure:5148: checking for ANSI C header files
configure:5168: gcc -c -g -O2  conftest.c >&5
configure:5168: $? = 0
configure:5241: gcc -o conftest -g -O2  -Wl,-O2 -Wl,--sort-common -Wl,--as-needed -Wl,-z,relro -Wl,-z,now -Wl,--disable-new-dtags -Wl,--gc-sections -Wl,-rpath,/home/vandalovejoy/anaconda3/lib -Wl,-rpath-link,/home/vandalovejoy/anaconda3/lib -L/home/vandalovejoy/anaconda3/lib conftest.c  >&5
configure:5241: $? = 0
configure:5241: ./conftest
configure:5241: $? = 0
configure:5252: result: yes
configure:5265: checking for sys/types.h
configure:5265: gcc -c -g -O2  conftest.c >&5
configure:5265: $? = 0
configure:5265: result: yes
configure:5265: checking for sys/stat.h
configure:5265: gcc -c -g -O2  conftest.c >&5
configure:5265: $? = 0
configure:5265: result: yes
configure:5265: checking for stdlib.h
configure:5265: gcc -c -g -O2  conftest.c >&5
configure:5265: $? = 0
configure:5265: result: yes
configure:5265: checking for string.h
configure:5265: gcc -c -g -O2  conftest.c >&5
configure:5265: $? = 0
configure:5265: result: yes
configure:5265: checking for memory.h
configure:5265: gcc -c -g -O2  conftest.c >&5
configure:5265: $? = 0
configure:5265: result: yes
configure:5265: checking for strings.h
configure:5265: gcc -c -g -O2  conftest.c >&5
configure:5265: $? = 0
configure:5265: result: yes
configure:5265: checking for inttypes.h
configure:5265: gcc -c -g -O2  conftest.c >&5
configure:5265: $? = 0
configure:5265: result: yes
configure:5265: checking for stdint.h
configure:5265: gcc -c -g -O2  conftest.c >&5
configure:5265: $? = 0
configure:5265: result: yes
configure:5265: checking for unistd.h
configure:5265: gcc -c -g -O2  conftest.c >&5
configure:5265: $? = 0
configure:5265: result: yes
configure:5280: checking malloc.h usability
configure:5280: gcc -c -g -O2  conftest.c >&5
configure:5280: $? = 0
configure:5280: result: yes
configure:5280: checking malloc.h presence
configure:5280: gcc -E  conftest.c
configure:5280: $? = 0
configure:5280: result: yes
configure:5280: checking for malloc.h
configure:5280: result: yes
configure:5280: checking for strings.h
configure:5280: result: yes
configure:5280: checking for unistd.h
configure:5280: result: yes
configure:5290: checking for an ANSI C-conforming const
configure:5356: gcc -c -g -O2  conftest.c >&5
configure:5356: $? = 0
configure:5363: result: yes
configure:5371: checking for size_t
configure:5371: gcc -c -g -O2  conftest.c >&5
configure:5371: $? = 0
configure:5371: gcc -c -g -O2  conftest.c >&5
conftest.c: In function 'main':
conftest.c:61:21: error: expected expression before ')' token
   61 | if (sizeof ((size_t)))
      |                     ^
configure:5371: $? = 1
configure: failed program was:
| /* confdefs.h */
| #define PACKAGE_NAME "SISSIz"
| #define PACKAGE_TARNAME "SISSIz"
| #define PACKAGE_VERSION "3.0"
| #define PACKAGE_STRING "SISSIz 3.0"
| #define PACKAGE_BUGREPORT "sissiz.vbc5@univie.ac.at"
| #define PACKAGE_URL ""
| #define PACKAGE "SISSIz"
| #define VERSION "3.0"
| #define UNUSED __attribute__ ((unused))
| #define STDC_HEADERS 1
| #define HAVE_SYS_TYPES_H 1
| #define HAVE_SYS_STAT_H 1
| #define HAVE_STDLIB_H 1
| #define HAVE_STRING_H 1
| #define HAVE_MEMORY_H 1
| #define HAVE_STRINGS_H 1
| #define HAVE_INTTYPES_H 1
| #define HAVE_STDINT_H 1
| #define HAVE_UNISTD_H 1
| #define HAVE_MALLOC_H 1
| #define HAVE_STRINGS_H 1
| #define HAVE_UNISTD_H 1
| /* end confdefs.h.  */
| #include <stdio.h>
| #ifdef HAVE_SYS_TYPES_H
| # include <sys/types.h>
| #endif
| #ifdef HAVE_SYS_STAT_H
| # include <sys/stat.h>
| #endif
| #ifdef STDC_HEADERS
| # include <stdlib.h>
| # include <stddef.h>
| #else
| # ifdef HAVE_STDLIB_H
| #  include <stdlib.h>
| # endif
| #endif
| #ifdef HAVE_STRING_H
| # if !defined STDC_HEADERS && defined HAVE_MEMORY_H
| #  include <memory.h>
| # endif
| # include <string.h>
| #endif
| #ifdef HAVE_STRINGS_H
| # include <strings.h>
| #endif
| #ifdef HAVE_INTTYPES_H
| # include <inttypes.h>
| #endif
| #ifdef HAVE_STDINT_H
| # include <stdint.h>
| #endif
| #ifdef HAVE_UNISTD_H
| # include <unistd.h>
| #endif
| int
| main ()
| {
| if (sizeof ((size_t)))
| 	    return 0;
|   ;
|   return 0;
| }
configure:5371: result: yes
configure:5382: checking for inline
configure:5398: gcc -c -g -O2  conftest.c >&5
configure:5398: $? = 0
configure:5406: result: inline
configure:5428: checking for strdup
configure:5428: gcc -o conftest -g -O2  -Wl,-O2 -Wl,--sort-common -Wl,--as-needed -Wl,-z,relro -Wl,-z,now -Wl,--disable-new-dtags -Wl,--gc-sections -Wl,-rpath,/home/vandalovejoy/anaconda3/lib -Wl,-rpath-link,/home/vandalovejoy/anaconda3/lib -L/home/vandalovejoy/anaconda3/lib conftest.c  >&5
conftest.c:48:6: warning: conflicting types for built-in function 'strdup'; expected 'char *(const char *)' [-Wbuiltin-declaration-mismatch]
   48 | char strdup ();
      |      ^~~~~~
configure:5428: $? = 0
configure:5428: result: yes
configure:5428: checking for strstr
configure:5428: gcc -o conftest -g -O2  -Wl,-O2 -Wl,--sort-common -Wl,--as-needed -Wl,-z,relro -Wl,-z,now -Wl,--disable-new-dtags -Wl,--gc-sections -Wl,-rpath,/home/vandalovejoy/anaconda3/lib -Wl,-rpath-link,/home/vandalovejoy/anaconda3/lib -L/home/vandalovejoy/anaconda3/lib conftest.c  >&5
conftest.c:49:6: warning: conflicting types for built-in function 'strstr'; expected 'char *(const char *, const char *)' [-Wbuiltin-declaration-mismatch]
   49 | char strstr ();
      |      ^~~~~~
conftest.c:37:1: note: 'strstr' is declared in header '<string.h>'
   36 | # include <limits.h>
   37 | #else
configure:5428: $? = 0
configure:5428: result: yes
configure:5428: checking for strchr
configure:5428: gcc -o conftest -g -O2  -Wl,-O2 -Wl,--sort-common -Wl,--as-needed -Wl,-z,relro -Wl,-z,now -Wl,--disable-new-dtags -Wl,--gc-sections -Wl,-rpath,/home/vandalovejoy/anaconda3/lib -Wl,-rpath-link,/home/vandalovejoy/anaconda3/lib -L/home/vandalovejoy/anaconda3/lib conftest.c  >&5
conftest.c:50:6: warning: conflicting types for built-in function 'strchr'; expected 'char *(const char *, int)' [-Wbuiltin-declaration-mismatch]
   50 | char strchr ();
      |      ^~~~~~
conftest.c:38:1: note: 'strchr' is declared in header '<string.h>'
   37 | # include <limits.h>
   38 | #else
configure:5428: $? = 0
configure:5428: result: yes
configure:5428: checking for erand48
configure:5428: gcc -o conftest -g -O2  -Wl,-O2 -Wl,--sort-common -Wl,--as-needed -Wl,-z,relro -Wl,-z,now -Wl,--disable-new-dtags -Wl,--gc-sections -Wl,-rpath,/home/vandalovejoy/anaconda3/lib -Wl,-rpath-link,/home/vandalovejoy/anaconda3/lib -L/home/vandalovejoy/anaconda3/lib conftest.c  >&5
configure:5428: $? = 0
configure:5428: result: yes
configure:5496: checking for g++
configure:5512: found /usr/bin/g++
configure:5523: result: g++
configure:5550: checking for C++ compiler version
configure:5559: g++ --version >&5
g++ (Ubuntu 9.4.0-1ubuntu1~20.04.2) 9.4.0
Copyright (C) 2019 Free Software Foundation, Inc.
This is free software; see the source for copying conditions.  There is NO
warranty; not even for MERCHANTABILITY or FITNESS FOR A PARTICULAR PURPOSE.

configure:5570: $? = 0
configure:5559: g++ -v >&5
Using built-in specs.
COLLECT_GCC=g++
COLLECT_LTO_WRAPPER=/usr/lib/gcc/x86_64-linux-gnu/9/lto-wrapper
OFFLOAD_TARGET_NAMES=nvptx-none:hsa
OFFLOAD_TARGET_DEFAULT=1
Target: x86_64-linux-gnu
Configured with: ../src/configure -v --with-pkgversion='Ubuntu 9.4.0-1ubuntu1~20.04.2' --with-bugurl=file:///usr/share/doc/gcc-9/README.Bugs --enable-languages=c,ada,c++,go,brig,d,fortran,objc,obj-c++,gm2 --prefix=/usr --with-gcc-major-version-only --program-suffix=-9 --program-prefix=x86_64-linux-gnu- --enable-shared --enable-linker-build-id --libexecdir=/usr/lib --without-included-gettext --enable-threads=posix --libdir=/usr/lib --enable-nls --enable-clocale=gnu --enable-libstdcxx-debug --enable-libstdcxx-time=yes --with-default-libstdcxx-abi=new --enable-gnu-unique-object --disable-vtable-verify --enable-plugin --enable-default-pie --with-system-zlib --with-target-system-zlib=auto --enable-objc-gc=auto --enable-multiarch --disable-werror --with-arch-32=i686 --with-abi=m64 --with-multilib-list=m32,m64,mx32 --enable-multilib --with-tune=generic --enable-offload-targets=nvptx-none=/build/gcc-9-9QDOt0/gcc-9-9.4.0/debian/tmp-nvptx/usr,hsa --without-cuda-driver --enable-checking=release --build=x86_64-linux-gnu --host=x86_64-linux-gnu --target=x86_64-linux-gnu
Thread model: posix
gcc version 9.4.0 (Ubuntu 9.4.0-1ubuntu1~20.04.2) 
configure:5570: $? = 0
configure:5559: g++ -V >&5
g++: error: unrecognized command line option '-V'
g++: fatal error: no input files
compilation terminated.
configure:5570: $? = 1
configure:5559: g++ -qversion >&5
g++: error: unrecognized command line option '-qversion'; did you mean '--version'?
g++: fatal error: no input files
compilation terminated.
configure:5570: $? = 1
configure:5574: checking whether we are using the GNU C++ compiler
configure:5593: g++ -c   conftest.cpp >&5
configure:5593: $? = 0
configure:5602: result: yes
configure:5611: checking whether g++ accepts -g
configure:5631: g++ -c -g  conftest.cpp >&5
configure:5631: $? = 0
configure:5672: result: yes
configure:5697: checking dependency style of g++
configure:5808: result: gcc3
configure:5867: checking for ranlib
configure:5883: found /usr/bin/ranlib
configure:5894: result: ranlib
configure:6025: checking that generated files are newer than configure
configure:6031: result: done
configure:6066: creating ./config.status

## ---------------------- ##
## Running config.status. ##
## ---------------------- ##

This file was extended by SISSIz config.status 3.0, which was
generated by GNU Autoconf 2.69.  Invocation command line was

  CONFIG_FILES    = 
  CONFIG_HEADERS  = 
  CONFIG_LINKS    = 
  CONFIG_COMMANDS = 
  $ ./config.status 

on smithlab-XPS-15-7590

config.status:884: creating Makefile
config.status:884: creating librna/Makefile
config.status:884: creating sissiz/Makefile
config.status:884: creating levmar/Makefile
config.status:884: creating src/Makefile
config.status:884: creating phyml/Makefile
config.status:884: creating examples/Makefile
config.status:884: creating config.h
config.status:1065: config.h is unchanged
config.status:1113: executing depfiles commands
config.status:1190: cd librna       && sed -e '/# am--include-marker/d' Makefile         | make -f - am--depfiles
make: Nothing to be done for 'am--depfiles'.
config.status:1195: $? = 0
config.status:1190: cd sissiz       && sed -e '/# am--include-marker/d' Makefile         | make -f - am--depfiles
make: Nothing to be done for 'am--depfiles'.
config.status:1195: $? = 0
config.status:1190: cd levmar       && sed -e '/# am--include-marker/d' Makefile         | make -f - am--depfiles
make: Nothing to be done for 'am--depfiles'.
config.status:1195: $? = 0
config.status:1190: cd src       && sed -e '/# am--include-marker/d' Makefile         | make -f - am--depfiles
make: Nothing to be done for 'am--depfiles'.
config.status:1195: $? = 0
config.status:1190: cd phyml       && sed -e '/# am--include-marker/d' Makefile         | make -f - am--depfiles
make: Nothing to be done for 'am--depfiles'.
config.status:1195: $? = 0

## ---------------- ##
## Cache variables. ##
## ---------------- ##

ac_cv_build=x86_64-pc-linux-gnu
ac_cv_c_compiler_gnu=yes
ac_cv_c_const=yes
ac_cv_c_inline=inline
ac_cv_cxx_compiler_gnu=yes
ac_cv_env_CCC_set=
ac_cv_env_CCC_value=
ac_cv_env_CC_set=
ac_cv_env_CC_value=
ac_cv_env_CFLAGS_set=
ac_cv_env_CFLAGS_value=
ac_cv_env_CPPFLAGS_set=
ac_cv_env_CPPFLAGS_value=
ac_cv_env_CPP_set=
ac_cv_env_CPP_value=
ac_cv_env_CXXFLAGS_set=
ac_cv_env_CXXFLAGS_value=
ac_cv_env_CXX_set=
ac_cv_env_CXX_value=
ac_cv_env_LDFLAGS_set=set
ac_cv_env_LDFLAGS_value='-Wl,-O2 -Wl,--sort-common -Wl,--as-needed -Wl,-z,relro -Wl,-z,now -Wl,--disable-new-dtags -Wl,--gc-sections -Wl,-rpath,/home/vandalovejoy/anaconda3/lib -Wl,-rpath-link,/home/vandalovejoy/anaconda3/lib -L/home/vandalovejoy/anaconda3/lib'
ac_cv_env_LIBS_set=
ac_cv_env_LIBS_value=
ac_cv_env_build_alias_set=
ac_cv_env_build_alias_value=
ac_cv_env_host_alias_set=
ac_cv_env_host_alias_value=
ac_cv_env_target_alias_set=
ac_cv_env_target_alias_value=
ac_cv_func_erand48=yes
ac_cv_func_strchr=yes
ac_cv_func_strdup=yes
ac_cv_func_strstr=yes
ac_cv_header_inttypes_h=yes
ac_cv_header_malloc_h=yes
ac_cv_header_memory_h=yes
ac_cv_header_stdc=yes
ac_cv_header_stdint_h=yes
ac_cv_header_stdlib_h=yes
ac_cv_header_string_h=yes
ac_cv_header_strings_h=yes
ac_cv_header_sys_stat_h=yes
ac_cv_header_sys_types_h=yes
ac_cv_header_unistd_h=yes
ac_cv_host=x86_64-pc-linux-gnu
ac_cv_objext=o
ac_cv_path_EGREP='/usr/bin/grep -E'
ac_cv_path_GREP=/usr/bin/grep
ac_cv_path_install='/usr/bin/install -c'
ac_cv_path_mkdir=/usr/bin/mkdir
ac_cv_prog_AWK=mawk
ac_cv_prog_CPP='gcc -E'
ac_cv_prog_ac_ct_AR=ar
ac_cv_prog_ac_ct_CC=gcc
ac_cv_prog_ac_ct_CXX=g++
ac_cv_prog_ac_ct_RANLIB=ranlib
ac_cv_prog_cc_c89=
ac_cv_prog_cc_g=yes
ac_cv_prog_cxx_g=yes
ac_cv_prog_make_make_set=yes
ac_cv_type_size_t=yes
am_cv_CC_dependencies_compiler_type=gcc3
am_cv_CXX_dependencies_compiler_type=gcc3
am_cv_ar_interface=ar
am_cv_make_support_nested_variables=yes
am_cv_prog_cc_c_o=yes

## ----------------- ##
## Output variables. ##
## ----------------- ##

ACLOCAL='${SHELL} /home/vandalovejoy/Downloads/3_0_SISSIz/missing aclocal-1.16'
AMDEPBACKSLASH='\'
AMDEP_FALSE='#'
AMDEP_TRUE=''
AMTAR='$${TAR-tar}'
AM_BACKSLASH='\'
AM_DEFAULT_V='$(AM_DEFAULT_VERBOSITY)'
AM_DEFAULT_VERBOSITY='1'
AM_V='$(V)'
AR='ar'
AUTOCONF='${SHELL} /home/vandalovejoy/Downloads/3_0_SISSIz/missing autoconf'
AUTOHEADER='${SHELL} /home/vandalovejoy/Downloads/3_0_SISSIz/missing autoheader'
AUTOMAKE='${SHELL} /home/vandalovejoy/Downloads/3_0_SISSIz/missing automake-1.16'
AWK='mawk'
CC='gcc'
CCDEPMODE='depmode=gcc3'
CFLAGS='-g -O2'
CPP='gcc -E'
CPPFLAGS=''
CXX='g++'
CXXDEPMODE='depmode=gcc3'
CXXFLAGS='-g -O2'
CYGPATH_W='echo'
DEFS='-DHAVE_CONFIG_H'
DEPDIR='.deps'
DISABLE_OPENMP_FALSE=''
DISABLE_OPENMP_TRUE='#'
ECHO_C=''
ECHO_N='-n'
ECHO_T=''
EGREP='/usr/bin/grep -E'
EXEEXT=''
GREP='/usr/bin/grep'
INSTALL_DATA='${INSTALL} -m 644'
INSTALL_PROGRAM='${INSTALL}'
INSTALL_SCRIPT='${INSTALL}'
INSTALL_STRIP_PROGRAM='$(install_sh) -c -s'
ISODATE='2024-09-03'
LDFLAGS='-Wl,-O2 -Wl,--sort-common -Wl,--as-needed -Wl,-z,relro -Wl,-z,now -Wl,--disable-new-dtags -Wl,--gc-sections -Wl,-rpath,/home/vandalovejoy/anaconda3/lib -Wl,-rpath-link,/home/vandalovejoy/anaconda3/lib -L/home/vandalovejoy/anaconda3/lib'
LIBOBJS=''
LIBS=''
LTLIBOBJS=''
MAKEINFO='${SHELL} /home/vandalovejoy/Downloads/3_0_SISSIz/missing makeinfo'
MKDIR_P='/usr/bin/mkdir -p'
OBJEXT='o'
PACKAGE='SISSIz'
PACKAGE_BUGREPORT='sissiz.vbc5@univie.ac.at'
PACKAGE_NAME='SISSIz'
PACKAGE_STRING='SISSIz 3.0'
PACKAGE_TARNAME='SISSIz'
PACKAGE_URL=''
PACKAGE_VERSION='3.0'
PATH_SEPARATOR=':'
RANLIB='ranlib'
SET_MAKE=''
SHELL='/bin/bash'
STRIP=''
VERSION='3.0'
ac_ct_AR='ar'
ac_ct_CC='gcc'
ac_ct_CXX='g++'
am__EXEEXT_FALSE=''
am__EXEEXT_TRUE='#'
am__fastdepCC_FALSE='#'
am__fastdepCC_TRUE=''
am__fastdepCXX_FALSE='#'
am__fastdepCXX_TRUE=''
am__include='include'
am__isrc=''
am__leading_dot='.'
am__nodep='_no'
am__quote=''
am__tar='$${TAR-tar} chof - "$$tardir"'
am__untar='$${TAR-tar} xf -'
bindir='${exec_prefix}/bin'
build='x86_64-pc-linux-gnu'
build_alias=''
build_cpu='x86_64'
build_os='linux-gnu'
build_vendor='pc'
datadir='${datarootdir}'
datarootdir='${prefix}/share'
docdir='${datarootdir}/doc/${PACKAGE_TARNAME}'
dvidir='${docdir}'
exec_prefix='${prefix}'
host='x86_64-pc-linux-gnu'
host_alias=''
host_cpu='x86_64'
host_os='linux-gnu'
host_vendor='pc'
htmldir='${docdir}'
includedir='${prefix}/include'
infodir='${datarootdir}/info'
install_sh='${SHELL} /home/vandalovejoy/Downloads/3_0_SISSIz/install-sh'
libdir='${exec_prefix}/lib'
libexecdir='${exec_prefix}/libexec'
localedir='${datarootdir}/locale'
localstatedir='${prefix}/var'
mandir='${datarootdir}/man'
mkdir_p='$(MKDIR_P)'
oldincludedir='/usr/include'
pdfdir='${docdir}'
prefix='/usr/local'
program_transform_name='s,x,x,'
psdir='${docdir}'
runstatedir='${localstatedir}/run'
sbindir='${exec_prefix}/sbin'
sharedstatedir='${prefix}/com'
sysconfdir='${prefix}/etc'
target_alias=''

## ----------- ##
## confdefs.h. ##
## ----------- ##

/* confdefs.h */
#define PACKAGE_NAME "SISSIz"
#define PACKAGE_TARNAME "SISSIz"
#define PACKAGE_VERSION "3.0"
#define PACKAGE_STRING "SISSIz 3.0"
#define PACKAGE_BUGREPORT "sissiz.vbc5@univie.ac.at"
#define PACKAGE_URL ""
#define PACKAGE "SISSIz"
#define VERSION "3.0"
#define UNUSED __attribute__ ((unused))
#define STDC_HEADERS 1
#define HAVE_SYS_TYPES_H 1
#define HAVE_SYS_STAT_H 1
#define HAVE_STDLIB_H 1
#define HAVE_STRING_H 1
#define HAVE_MEMORY_H 1
#define HAVE_STRINGS_H 1
#define HAVE_INTTYPES_H 1
#define HAVE_STDINT_H 1
#define HAVE_UNISTD_H 1
#define HAVE_MALLOC_H 1
#define HAVE_STRINGS_H 1
#define HAVE_UNISTD_H 1
#define HAVE_STRDUP 1
#define HAVE_STRSTR 1
#define HAVE_STRCHR 1
#define HAVE_ERAND48 1

configure: exit 0
